Mobile_App/src/urad3/build/app/intermediates/manifest_merge_blame_file/debug/manifest-merger-blame-debug-report.txt
1<?xml version="1.0" encoding="utf-8"?>
2<manifest xmlns:android="http://schemas.android.com/apk/res/android"
3    package="com.example.urad3"
4    android:versionCode="1"
5    android:versionName="1.0.0" >
6
7    <uses-sdk
8        android:minSdkVersion="21"
9        android:targetSdkVersion="31" />
10    <!--
11         Flutter needs it to communicate with the running application
12         to allow setting breakpoints, to provide hot reload, etc.
13    -->
14    <uses-permission android:name="android.permission.INTERNET" />
14-->src/debug/AndroidManifest.xml:6:5-66
14-->src/debug/AndroidManifest.xml:6:22-64
15    <!--
16     New Bluetooth permissions in Android 12
17    https://developer.android.com/about/versions/12/features/bluetooth-permissions
18    -->
19    <uses-permission
19-->src/main/AndroidManifest.xml:8:5-120
20        android:name="android.permission.BLUETOOTH_SCAN"
20-->src/main/AndroidManifest.xml:8:22-70
21        android:usesPermissionFlags="neverForLocation" />
21-->src/main/AndroidManifest.xml:8:71-117
22    <uses-permission android:name="android.permission.BLUETOOTH_CONNECT" /> <!-- legacy for Android 11 or lower -->
22-->src/main/AndroidManifest.xml:9:5-76
22-->src/main/AndroidManifest.xml:9:22-73
23    <uses-permission
23-->src/main/AndroidManifest.xml:12:5-95
24        android:name="android.permission.BLUETOOTH"
24-->src/main/AndroidManifest.xml:12:22-65
25        android:maxSdkVersion="30" />
25-->src/main/AndroidManifest.xml:12:66-92
26    <uses-permission
26-->src/main/AndroidManifest.xml:13:5-101
27        android:name="android.permission.BLUETOOTH_ADMIN"
27-->src/main/AndroidManifest.xml:13:22-71
28        android:maxSdkVersion="30" />
28-->src/main/AndroidManifest.xml:13:72-98
29    <uses-permission
29-->src/main/AndroidManifest.xml:14:5-105
30        android:name="android.permission.ACCESS_FINE_LOCATION"
30-->src/main/AndroidManifest.xml:14:22-76
31        android:maxSdkVersion="30" /> <!-- legacy for Android 9 or lower -->
31-->src/main/AndroidManifest.xml:14:77-103
32    <uses-permission
32-->src/main/AndroidManifest.xml:17:5-108
33        android:name="android.permission.ACCESS_COARSE_LOCATION"
33-->src/main/AndroidManifest.xml:17:22-78
34        android:maxSdkVersion="28" />
34-->src/main/AndroidManifest.xml:17:79-105
35    <uses-permission android:name="android.permission.FOREGROUND_SERVICE" />
35-->src/main/AndroidManifest.xml:19:5-77
35-->src/main/AndroidManifest.xml:19:22-74
36    <uses-permission android:name="android.permission.ACCESS_BACKGROUND_LOCATION" />
36-->src/main/AndroidManifest.xml:20:5-84
36-->src/main/AndroidManifest.xml:20:22-82
37
38    <application
39        android:name="android.app.Application"
40        android:appComponentFactory="androidx.core.app.CoreComponentFactory"
40-->[androidx.core:core:1.6.0] AndroidManifest.xml:24:18-86
41        android:debuggable="true"
42        android:icon="@mipmap/ic_launcher"
43        android:label="urad3" >
44        <activity
45            android:name="com.example.urad3.MainActivity"
46            android:configChanges="orientation|keyboardHidden|keyboard|screenSize|smallestScreenSize|locale|layoutDirection|fontScale|screenLayout|density|uiMode"
47            android:exported="true"
48            android:hardwareAccelerated="true"
49            android:launchMode="singleTop"
50            android:theme="@style/LaunchTheme"
51            android:windowSoftInputMode="adjustResize" >
52
53            <!--
54                 Specifies an Android theme to apply to this Activity as soon as
55                 the Android process has started. This theme is visible to the user
56                 while the Flutter UI initializes. After that, this theme continues
57                 to determine the Window background behind the Flutter UI.
58            -->
59            <meta-data
60                android:name="io.flutter.embedding.android.NormalTheme"
61                android:resource="@style/NormalTheme" />
62
63            <intent-filter>
64                <action android:name="android.intent.action.MAIN" />
65
66                <category android:name="android.intent.category.LAUNCHER" />
67            </intent-filter>
68        </activity>
69        <!--
70             Don't delete the meta-data below.
71             This is used by the Flutter tool to generate GeneratedPluginRegistrant.java
72        -->
73        <meta-data
74            android:name="flutterEmbedding"
75            android:value="2" />
76
77        <service
77-->[:location] AndroidManifest.xml:11:9-15:56
78            android:name="com.lyokone.location.FlutterLocationService"
78-->[:location] AndroidManifest.xml:12:13-71
79            android:enabled="true"
79-->[:location] AndroidManifest.xml:13:13-35
80            android:exported="false"
80-->[:location] AndroidManifest.xml:14:13-37
81            android:foregroundServiceType="location" />
81-->[:location] AndroidManifest.xml:15:13-53
82
83        <uses-library
83-->[androidx.window:window:1.0.0-beta04] AndroidManifest.xml:25:9-27:40
84            android:name="androidx.window.extensions"
84-->[androidx.window:window:1.0.0-beta04] AndroidManifest.xml:26:13-54
85            android:required="false" />
85-->[androidx.window:window:1.0.0-beta04] AndroidManifest.xml:27:13-37
86        <uses-library
86-->[androidx.window:window:1.0.0-beta04] AndroidManifest.xml:28:9-30:40
87            android:name="androidx.window.sidecar"
87-->[androidx.window:window:1.0.0-beta04] AndroidManifest.xml:29:13-51
88            android:required="false" />
88-->[androidx.window:window:1.0.0-beta04] AndroidManifest.xml:30:13-37
89
90        <activity
90-->[com.google.android.gms:play-services-base:16.0.1] AndroidManifest.xml:23:9-26:75
91            android:name="com.google.android.gms.common.api.GoogleApiActivity"
91-->[com.google.android.gms:play-services-base:16.0.1] AndroidManifest.xml:24:13-79
92            android:exported="false"
92-->[com.google.android.gms:play-services-base:16.0.1] AndroidManifest.xml:25:13-37
93            android:theme="@android:style/Theme.Translucent.NoTitleBar" />
93-->[com.google.android.gms:play-services-base:16.0.1] AndroidManifest.xml:26:13-72
94
95        <meta-data
95-->[com.google.android.gms:play-services-basement:16.0.1] AndroidManifest.xml:23:9-25:69
96            android:name="com.google.android.gms.version"
96-->[com.google.android.gms:play-services-basement:16.0.1] AndroidManifest.xml:24:13-58
97            android:value="@integer/google_play_services_version" />
97-->[com.google.android.gms:play-services-basement:16.0.1] AndroidManifest.xml:25:13-66
98    </application>
99
100</manifest>